c:\users\tjsgh\desktop\c_study\3개월차\3개월차_winapi강의자료\2개월차_winapi\x64\debug\2개월차_winapi.pch
c:\users\tjsgh\desktop\c_study\3개월차\3개월차_winapi강의자료\2개월차_winapi\x64\debug\vc143.pdb
c:\users\tjsgh\desktop\c_study\3개월차\3개월차_winapi강의자료\2개월차_winapi\x64\debug\vc143.idb
c:\users\tjsgh\desktop\c_study\3개월차\3개월차_winapi강의자료\2개월차_winapi\x64\debug\2개월차_winapi.obj
c:\users\tjsgh\desktop\c_study\3개월차\3개월차_winapi강의자료\2개월차_winapi\x64\debug\ai.obj
c:\users\tjsgh\desktop\c_study\3개월차\3개월차_winapi강의자료\2개월차_winapi\x64\debug\canimation.obj
c:\users\tjsgh\desktop\c_study\3개월차\3개월차_winapi강의자료\2개월차_winapi\x64\debug\canimator.obj
c:\users\tjsgh\desktop\c_study\3개월차\3개월차_winapi강의자료\2개월차_winapi\x64\debug\cbackground.obj
c:\users\tjsgh\desktop\c_study\3개월차\3개월차_winapi강의자료\2개월차_winapi\x64\debug\cbeetle.obj
c:\users\tjsgh\desktop\c_study\3개월차\3개월차_winapi강의자료\2개월차_winapi\x64\debug\cbeetle_new.obj
c:\users\tjsgh\desktop\c_study\3개월차\3개월차_winapi강의자료\2개월차_winapi\x64\debug\cbtnui.obj
c:\users\tjsgh\desktop\c_study\3개월차\3개월차_winapi강의자료\2개월차_winapi\x64\debug\ccamera.obj
c:\users\tjsgh\desktop\c_study\3개월차\3개월차_winapi강의자료\2개월차_winapi\x64\debug\ccollider.obj
c:\users\tjsgh\desktop\c_study\3개월차\3개월차_winapi강의자료\2개월차_winapi\x64\debug\ccollisionmgr.obj
c:\users\tjsgh\desktop\c_study\3개월차\3개월차_winapi강의자료\2개월차_winapi\x64\debug\cdasheffect.obj
c:\users\tjsgh\desktop\c_study\3개월차\3개월차_winapi강의자료\2개월차_winapi\x64\debug\ceventmgr.obj
c:\users\tjsgh\desktop\c_study\3개월차\3개월차_winapi강의자료\2개월차_winapi\x64\debug\cfalseknight.obj
c:\users\tjsgh\desktop\c_study\3개월차\3개월차_winapi강의자료\2개월차_winapi\x64\debug\cfireball.obj
c:\users\tjsgh\desktop\c_study\3개월차\3개월차_winapi강의자료\2개월차_winapi\x64\debug\cfocus.obj
c:\users\tjsgh\desktop\c_study\3개월차\3개월차_winapi강의자료\2개월차_winapi\x64\debug\cgeo.obj
c:\users\tjsgh\desktop\c_study\3개월차\3개월차_winapi강의자료\2개월차_winapi\x64\debug\cgravity.obj
c:\users\tjsgh\desktop\c_study\3개월차\3개월차_winapi강의자료\2개월차_winapi\x64\debug\cground.obj
c:\users\tjsgh\desktop\c_study\3개월차\3개월차_winapi강의자료\2개월차_winapi\x64\debug\chpbarui.obj
c:\users\tjsgh\desktop\c_study\3개월차\3개월차_winapi강의자료\2개월차_winapi\x64\debug\cidlestate.obj
c:\users\tjsgh\desktop\c_study\3개월차\3개월차_winapi강의자료\2개월차_winapi\x64\debug\citem.obj
c:\users\tjsgh\desktop\c_study\3개월차\3개월차_winapi강의자료\2개월차_winapi\x64\debug\ckeymgr.obj
c:\users\tjsgh\desktop\c_study\3개월차\3개월차_winapi강의자료\2개월차_winapi\x64\debug\cmissile.obj
c:\users\tjsgh\desktop\c_study\3개월차\3개월차_winapi강의자료\2개월차_winapi\x64\debug\cmissile2.obj
c:\users\tjsgh\desktop\c_study\3개월차\3개월차_winapi강의자료\2개월차_winapi\x64\debug\cmonfactory.obj
c:\users\tjsgh\desktop\c_study\3개월차\3개월차_winapi강의자료\2개월차_winapi\x64\debug\cmonster.obj
c:\users\tjsgh\desktop\c_study\3개월차\3개월차_winapi강의자료\2개월차_winapi\x64\debug\cmonster_missile.obj
c:\users\tjsgh\desktop\c_study\3개월차\3개월차_winapi강의자료\2개월차_winapi\x64\debug\cobject.obj
c:\users\tjsgh\desktop\c_study\3개월차\3개월차_winapi강의자료\2개월차_winapi\x64\debug\cpanelui.obj
c:\users\tjsgh\desktop\c_study\3개월차\3개월차_winapi강의자료\2개월차_winapi\x64\debug\cpathmgr.obj
c:\users\tjsgh\desktop\c_study\3개월차\3개월차_winapi강의자료\2개월차_winapi\x64\debug\cplayer.obj
c:\users\tjsgh\desktop\c_study\3개월차\3개월차_winapi강의자료\2개월차_winapi\x64\debug\cplayermgr.obj
c:\users\tjsgh\desktop\c_study\3개월차\3개월차_winapi강의자료\2개월차_winapi\x64\debug\cprofireball.obj
c:\users\tjsgh\desktop\c_study\3개월차\3개월차_winapi강의자료\2개월차_winapi\x64\debug\cresmgr.obj
c:\users\tjsgh\desktop\c_study\3개월차\3개월차_winapi강의자료\2개월차_winapi\x64\debug\cres.obj
c:\users\tjsgh\desktop\c_study\3개월차\3개월차_winapi강의자료\2개월차_winapi\x64\debug\crigidbody.obj
c:\users\tjsgh\desktop\c_study\3개월차\3개월차_winapi강의자료\2개월차_winapi\x64\debug\cscene.obj
c:\users\tjsgh\desktop\c_study\3개월차\3개월차_winapi강의자료\2개월차_winapi\x64\debug\cscenemgr.obj
c:\users\tjsgh\desktop\c_study\3개월차\3개월차_winapi강의자료\2개월차_winapi\x64\debug\cscene_start.obj
c:\users\tjsgh\desktop\c_study\3개월차\3개월차_winapi강의자료\2개월차_winapi\x64\debug\cscene_tool.obj
c:\users\tjsgh\desktop\c_study\3개월차\3개월차_winapi강의자료\2개월차_winapi\x64\debug\cslash.obj
c:\users\tjsgh\desktop\c_study\3개월차\3개월차_winapi강의자료\2개월차_winapi\x64\debug\cslashhiteffect.obj
c:\users\tjsgh\desktop\c_study\3개월차\3개월차_winapi강의자료\2개월차_winapi\x64\debug\csoului.obj
c:\users\tjsgh\desktop\c_study\3개월차\3개월차_winapi강의자료\2개월차_winapi\x64\debug\csound.obj
c:\users\tjsgh\desktop\c_study\3개월차\3개월차_winapi강의자료\2개월차_winapi\x64\debug\cstate.obj
c:\users\tjsgh\desktop\c_study\3개월차\3개월차_winapi강의자료\2개월차_winapi\x64\debug\ctexture.obj
c:\users\tjsgh\desktop\c_study\3개월차\3개월차_winapi강의자료\2개월차_winapi\x64\debug\ctile.obj
c:\users\tjsgh\desktop\c_study\3개월차\3개월차_winapi강의자료\2개월차_winapi\x64\debug\ctimemgr.obj
c:\users\tjsgh\desktop\c_study\3개월차\3개월차_winapi강의자료\2개월차_winapi\x64\debug\ctracestate.obj
c:\users\tjsgh\desktop\c_study\3개월차\3개월차_winapi강의자료\2개월차_winapi\x64\debug\cui.obj
c:\users\tjsgh\desktop\c_study\3개월차\3개월차_winapi강의자료\2개월차_winapi\x64\debug\cuimgr.obj
c:\users\tjsgh\desktop\c_study\3개월차\3개월차_winapi강의자료\2개월차_winapi\x64\debug\c_core.obj
c:\users\tjsgh\desktop\c_study\3개월차\3개월차_winapi강의자료\2개월차_winapi\x64\debug\func.obj
c:\users\tjsgh\desktop\c_study\3개월차\3개월차_winapi강의자료\2개월차_winapi\x64\debug\pch.obj
c:\users\tjsgh\desktop\c_study\3개월차\3개월차_winapi강의자료\2개월차_winapi\x64\debug\selectgdi.obj
c:\users\tjsgh\desktop\c_study\3개월차\3개월차_winapi강의자료\x64\debug\2개월차_winapi.exe
c:\users\tjsgh\desktop\c_study\3개월차\3개월차_winapi강의자료\x64\debug\2개월차_winapi.pdb
c:\users\tjsgh\desktop\c_study\3개월차\3개월차_winapi강의자료\2개월차_winapi\x64\debug\2개월차_winapi.res
c:\users\tjsgh\desktop\c_study\3개월차\3개월차_winapi강의자료\2개월차_winapi\x64\debug\2개월차_winapi.ilk
c:\users\tjsgh\desktop\c_study\3개월차\3개월차_winapi강의자료\2개월차_winapi\x64\debug\2개월차_winapi.tlog\cl.command.1.tlog
c:\users\tjsgh\desktop\c_study\3개월차\3개월차_winapi강의자료\2개월차_winapi\x64\debug\2개월차_winapi.tlog\cl.items.tlog
c:\users\tjsgh\desktop\c_study\3개월차\3개월차_winapi강의자료\2개월차_winapi\x64\debug\2개월차_winapi.tlog\cl.read.1.tlog
c:\users\tjsgh\desktop\c_study\3개월차\3개월차_winapi강의자료\2개월차_winapi\x64\debug\2개월차_winapi.tlog\cl.write.1.tlog
c:\users\tjsgh\desktop\c_study\3개월차\3개월차_winapi강의자료\2개월차_winapi\x64\debug\2개월차_winapi.tlog\link.command.1.tlog
c:\users\tjsgh\desktop\c_study\3개월차\3개월차_winapi강의자료\2개월차_winapi\x64\debug\2개월차_winapi.tlog\link.read.1.tlog
c:\users\tjsgh\desktop\c_study\3개월차\3개월차_winapi강의자료\2개월차_winapi\x64\debug\2개월차_winapi.tlog\link.secondary.1.tlog
c:\users\tjsgh\desktop\c_study\3개월차\3개월차_winapi강의자료\2개월차_winapi\x64\debug\2개월차_winapi.tlog\link.write.1.tlog
c:\users\tjsgh\desktop\c_study\3개월차\3개월차_winapi강의자료\2개월차_winapi\x64\debug\2개월차_winapi.tlog\rc.command.1.tlog
c:\users\tjsgh\desktop\c_study\3개월차\3개월차_winapi강의자료\2개월차_winapi\x64\debug\2개월차_winapi.tlog\rc.read.1.tlog
c:\users\tjsgh\desktop\c_study\3개월차\3개월차_winapi강의자료\2개월차_winapi\x64\debug\2개월차_winapi.tlog\rc.write.1.tlog
